歩兵,58/ジークフリート,2/魔術師,26/指揮官,10/魔術師,24/歩兵,54/魔術師,37/59997弓兵,29/魔術師,16/騎兵,5/指揮官,5/弓兵,27/ジークフリート,1/811
ジークフリート,2/魔術師,12/歩兵,30/歩兵,33/魔術師,22/魔術師,28/1042
弓兵,25/歩兵,46/指揮官,9/騎兵,8/騎兵,8/魔術師,11/897
歩兵,38/魔術師,20/指揮官,9/歩兵,45/ジークフリート,1/指揮官,5/364
騎兵,8/ジークフリート,2/歩兵,49/指揮官,5/弓兵,19/騎兵,9/1122
指揮官,5/魔術師,17/歩兵,45/魔術師,28/歩兵,31/魔術師,28/355
騎兵,5/歩兵,43/ジークフリート,1/魔術師,26/魔術師,27/ジークフリート,1/839
魔術師,13/騎兵,6/指揮官,5/指揮官,8/騎兵,5/指揮官,5/392
歩兵,43/騎兵,5/指揮官,6/指揮官,8/ジークフリート,1/ジークフリート,1/865
魔術師,22/魔術師,28/指揮官,6/ジークフリート,1/ジークフリート,2/ジークフリート,2/1894
魔術師,13/騎兵,7/指揮官,7/指揮官,9/魔術師,14/弓兵,19/476
歩兵,38/弓兵,28/ジークフリート,2/歩兵,39/騎兵,5/騎兵,9/1234
騎兵,7/騎兵,5/指揮官,5/ジークフリート,1/指揮官,6/指揮官,8/635
ジークフリート,2/弓兵,19/指揮官,6/弓兵,25/魔術師,11/騎兵,5/643
指揮官,9/弓兵,23/歩兵,40/弓兵,24/指揮官,9/騎兵,8/603
指揮官,5/騎兵,7/弓兵,18/弓兵,28/ジークフリート,1/ジークフリート,2/1072
弓兵,17/歩兵,37/指揮官,7/弓兵,15/指揮官,8/騎兵,8/549
弓兵,28/騎兵,7/歩兵,36/指揮官,6/魔術師,22/魔術師,29/508
歩兵,49/指揮官,8/魔術師,28/魔術師,29/魔術師,24/弓兵,21/406
弓兵,13/騎兵,7/ジークフリート,2/弓兵,21/歩兵,46/弓兵,29/893
ジークフリート,2/指揮官,9/弓兵,15/騎兵,8/指揮官,5/騎兵,6/937
指揮官,5/騎兵,6/弓兵,11/弓兵,13/弓兵,13/指揮官,6/412
歩兵,48/騎兵,9/歩兵,47/騎兵,6/ジークフリート,2/魔術師,20/1421
指揮官,5/魔術師,27/魔術師,19/騎兵,7/騎兵,8/指揮官,5/618
弓兵,29/騎兵,7/弓兵,13/指揮官,6/弓兵,28/指揮官,6/673
ジークフリート,2/魔術師,25/歩兵,31/騎兵,7/指揮官,9/ジークフリート,1/1280
弓兵,28/弓兵,12/騎兵,6/指揮官,8/指揮官,9/弓兵,18/402
騎兵,6/ジークフリート,2/騎兵,6/ジークフリート,1/弓兵,23/歩兵,41/1387
魔術師,10/弓兵,16/騎兵,8/弓兵,16/指揮官,6/歩兵,41/503
騎兵,7/歩兵,42/歩兵,45/ジークフリート,1/指揮官,7/歩兵,47/726
ジークフリート,1/指揮官,8/騎兵,7/歩兵,38/魔術師,20/指揮官,5/758
騎兵,6/指揮官,5/指揮官,5/ジークフリート,1/騎兵,6/ジークフリート,1/695
騎兵,7/歩兵,48/ジークフリート,1/騎兵,7/騎兵,5/弓兵,19/1374
弓兵,12/指揮官,5/魔術師,18/騎兵,9/魔術師,15/歩兵,46/519
歩兵,30/魔術師,18/ジークフリート,1/弓兵,29/弓兵,23/魔術師,26/534
ジークフリート,2/ジークフリート,1/魔術師,23/弓兵,16/ジークフリート,1/魔術師,12/1059
騎兵,7/弓兵,26/魔術師,24/魔術師,22/指揮官,6/騎兵,8/914
ジークフリート,1/騎兵,7/騎兵,5/弓兵,23/ジークフリート,2/魔術師,28/1467
弓兵,14/歩兵,47/弓兵,13/歩兵,44/魔術師,20/魔術師,17/325
歩兵,35/魔術師,19/歩兵,39/指揮官,9/魔術師,11/騎兵,8/486
ジークフリート,1/ジークフリート,1/歩兵,42/歩兵,46/弓兵,15/ジークフリート,2/949
ジークフリート,2/ジークフリート,1/弓兵,17/歩兵,35/弓兵,11/魔術師,17/1304
弓兵,18/弓兵,22/弓兵,17/歩兵,37/指揮官,8/弓兵,19/384
指揮官,8/騎兵,6/魔術師,28/魔術師,22/指揮官,5/ジークフリート,1/782
ジークフリート,1/指揮官,8/魔術師,22/歩兵,39/ジークフリート,2/ジークフリート,2/