歩兵,36/ジークフリート,2/ジークフリート,1/歩兵,44/騎兵,7/騎兵,6/2473
弓兵,19/指揮官,7/指揮官,5/ジークフリート,2/騎兵,6/騎兵,9/1732
指揮官,6/騎兵,8/騎兵,5/指揮官,5/歩兵,31/歩兵,35/698
歩兵,36/騎兵,7/指揮官,9/魔術師,10/魔術師,16/弓兵,29/465
騎兵,8/騎兵,5/歩兵,43/指揮官,7/魔術師,23/騎兵,9/1305
魔術師,14/ジークフリート,1/騎兵,6/指揮官,8/ジークフリート,2/魔術師,16/4277
歩兵,47/騎兵,9/魔術師,21/指揮官,8/魔術師,11/歩兵,32/547
弓兵,10/ジークフリート,1/弓兵,16/歩兵,45/指揮官,9/歩兵,37/701
指揮官,9/指揮官,9/弓兵,24/弓兵,26/弓兵,23/弓兵,21/411
ジークフリート,1/弓兵,27/指揮官,7/弓兵,12/弓兵,15/ジークフリート,1/1151
弓兵,12/騎兵,8/指揮官,8/ジークフリート,1/歩兵,35/弓兵,17/926
歩兵,35/歩兵,34/ジークフリート,1/騎兵,9/魔術師,26/騎兵,6/1677
歩兵,44/騎兵,5/指揮官,8/魔術師,12/指揮官,6/魔術師,17/352
指揮官,8/指揮官,6/歩兵,43/ジークフリート,1/ジークフリート,2/歩兵,31/1701
歩兵,49/指揮官,6/ジークフリート,2/弓兵,15/歩兵,46/ジークフリート,2/2483
歩兵,33/指揮官,9/魔術師,16/指揮官,7/ジークフリート,1/弓兵,17/878
魔術師,11/指揮官,8/ジークフリート,2/騎兵,8/弓兵,10/魔術師,12/1542
弓兵,13/騎兵,5/ジークフリート,1/魔術師,29/指揮官,7/騎兵,8/1501
指揮官,9/魔術師,26/魔術師,24/魔術師,28/魔術師,13/指揮官,6/244
歩兵,45/歩兵,34/騎兵,8/指揮官,7/歩兵,41/魔術師,19/494
魔術師,17/魔術師,11/弓兵,11/ジークフリート,1/魔術師,10/歩兵,30/623
歩兵,47/指揮官,6/指揮官,6/騎兵,8/騎兵,7/ジークフリート,1/1415
ジークフリート,1/騎兵,9/弓兵,13/ジークフリート,2/騎兵,9/魔術師,23/3819
指揮官,9/指揮官,9/指揮官,9/魔術師,10/弓兵,29/騎兵,5/495
魔術師,27/ジークフリート,1/指揮官,7/指揮官,5/ジークフリート,1/騎兵,9/2076
弓兵,26/弓兵,14/指揮官,8/魔術師,11/歩兵,38/歩兵,46/326
弓兵,18/ジークフリート,1/騎兵,7/魔術師,13/歩兵,41/魔術師,10/844
弓兵,17/弓兵,21/ジークフリート,1/魔術師,14/歩兵,46/ジークフリート,2/1872
指揮官,6/指揮官,9/指揮官,5/騎兵,8/指揮官,7/魔術師,13/477
魔術師,10/歩兵,36/弓兵,12/指揮官,8/騎兵,7/指揮官,8/416
魔術師,25/ジークフリート,2/ジークフリート,2/魔術師,28/歩兵,34/歩兵,45/5058
歩兵,49/魔術師,11/弓兵,10/歩兵,41/ジークフリート,2/騎兵,9/2063
弓兵,13/指揮官,8/騎兵,8/ジークフリート,2/騎兵,8/歩兵,31/1879
ジークフリート,1/指揮官,9/ジークフリート,2/魔術師,14/指揮官,7/歩兵,42/2164
指揮官,6/魔術師,13/歩兵,45/歩兵,42/騎兵,7/魔術師,16/416
指揮官,7/騎兵,6/弓兵,12/ジークフリート,2/指揮官,5/騎兵,5/1456
指揮官,9/騎兵,6/歩兵,45/指揮官,9/指揮官,6/弓兵,10/486
弓兵,19/ジークフリート,2/騎兵,7/指揮官,6/歩兵,37/歩兵,43/1488
魔術師,25/指揮官,6/魔術師,25/ジークフリート,2/指揮官,9/指揮官,7/2155
歩兵,40/弓兵,29/歩兵,41/魔術師,24/魔術師,26/弓兵,29/446
魔術師,27/魔術師,21/ジークフリート,2/騎兵,9/指揮官,8/指揮官,5/3055
弓兵,12/魔術師,28/ジークフリート,1/ジークフリート,1/魔術師,15/騎兵,5/1422
指揮官,9/魔術師,18/歩兵,39/歩兵,36/歩兵,34/魔術師,12/264
ジークフリート,2/魔術師,20/魔術師,11/ジークフリート,1/ジークフリート,2/魔術師,16/5179
魔術師,22/騎兵,6/弓兵,11/ジークフリート,1/魔術師,18/魔術師,26/1933
魔術師,25/指揮官,8/騎兵,5/魔術師,17/ジークフリート,1/魔術師,27/1037
騎兵,7/魔術師,17/歩兵,47/歩兵,37/魔術師,28/魔術師,26/503
ジークフリート,1/騎兵,7/騎兵,7/ジークフリート,1/指揮官,5/弓兵,28/1642
騎兵,6/魔術師,20/魔術師,20/ジークフリート,1/ジークフリート,1/弓兵,19/1939
ジークフリート,2/指揮官,6/魔術師,28/騎兵,7/弓兵,11/騎兵,8/3021
騎兵,5/騎兵,5/ジークフリート,1/歩兵,31/弓兵,17/弓兵,12/984
騎兵,8/騎兵,7/弓兵,29/弓兵,27/騎兵,9/魔術師,12/1217
指揮官,8/騎兵,9/弓兵,20/弓兵,24/魔術師,13/歩兵,35/637
弓兵,26/歩兵,39/魔術師,14/弓兵,12/ジークフリート,2/騎兵,8/1475
弓兵,14/指揮官,8/指揮官,6/指揮官,9/弓兵,13/弓兵,28/292
弓兵,19/歩兵,31/魔術師,12/魔術師,26/騎兵,5/魔術師,17/363
ジークフリート,1/指揮官,7/弓兵,29/騎兵,6/魔術師,15/歩兵,47/913
魔術師,18/弓兵,29/歩兵,37/指揮官,7/ジークフリート,2/魔術師,19/1377
ジークフリート,2/ジークフリート,1/指揮官,9/歩兵,39/騎兵,7/指揮官,8/1987
騎兵,8/騎兵,8/魔術師,27/魔術師,23/指揮官,8/歩兵,30/837
指揮官,7/騎兵,9/ジークフリート,1/弓兵,29/騎兵,5/ジークフリート,2/2151
歩兵,40/ジークフリート,1/魔術師,24/指揮官,9/騎兵,5/魔術師,15/806
魔術師,27/指揮官,6/指揮官,9/騎兵,6/弓兵,15/ジークフリート,1/1369
歩兵,47/ジークフリート,2/弓兵,23/騎兵,8/魔術師,16/魔術師,23/2030
指揮官,9/弓兵,17/ジークフリート,1/魔術師,25/騎兵,9/指揮官,7/1085
騎兵,8/騎兵,5/弓兵,18/騎兵,5/指揮官,7/弓兵,14/840
歩兵,33/魔術師,19/ジークフリート,2/歩兵,43/騎兵,9/歩兵,42/1876
弓兵,16/歩兵,34/弓兵,12/ジークフリート,2/ジークフリート,1/指揮官,6/1570
騎兵,8/魔術師,14/魔術師,21/歩兵,37/弓兵,17/ジークフリート,2/2036
騎兵,9/ジークフリート,1/歩兵,39/魔術師,27/歩兵,34/指揮官,6/980
魔術師,15/指揮官,9/ジークフリート,1/指揮官,7/騎兵,8/弓兵,15/1197
弓兵,19/ジークフリート,2/魔術師,11/騎兵,9/歩兵,43/弓兵,19/1422
弓兵,27/歩兵,37/魔術師,18/魔術師,21/ジークフリート,2/ジークフリート,2/3072
ジークフリート,2/騎兵,6/騎兵,9/魔術師,16/魔術師,14/ジークフリート,1/3510
騎兵,9/歩兵,44/魔術師,21/指揮官,5/弓兵,18/魔術師,29/535
ジークフリート,1/魔術師,23/歩兵,33/歩兵,33/魔術師,26/魔術師,24/1370
弓兵,14/歩兵,39/指揮官,6/指揮官,7/指揮官,9/指揮官,9/255
ジークフリート,2/ジークフリート,2/ジークフリート,2/魔術師,18/ジークフリート,1/歩兵,47/5869
ジークフリート,1/指揮官,6/ジークフリート,2/弓兵,24/弓兵,22/弓兵,29/1683
ジークフリート,2/弓兵,19/ジークフリート,1/魔術師,27/弓兵,23/指揮官,6/1843
歩兵,36/歩兵,47/ジークフリート,1/騎兵,6/騎兵,7/歩兵,42/1143
ジークフリート,2/指揮官,9/騎兵,9/魔術師,27/魔術師,20/魔術師,19/3005
騎兵,6/指揮官,7/ジークフリート,1/歩兵,39/弓兵,10/弓兵,10/837
弓兵,10/指揮官,9/歩兵,37/指揮官,5/歩兵,43/指揮官,6/233
ジークフリート,1/弓兵,25/ジークフリート,1/指揮官,5/指揮官,5/歩兵,39/1185
指揮官,7/魔術師,11/ジークフリート,2/歩兵,47/ジークフリート,2/魔術師,20/3016
ジークフリート,1/騎兵,8/弓兵,29/ジークフリート,2/歩兵,47/魔術師,14/2527
弓兵,18/弓兵,15/指揮官,8/魔術師,12/歩兵,35/弓兵,22/304
指揮官,6/騎兵,6/歩兵,32/弓兵,17/魔術師,15/弓兵,19/397
弓兵,13/歩兵,39/魔術師,17/魔術師,13/指揮官,7/歩兵,35/255
弓兵,17/騎兵,9/歩兵,49/騎兵,9/魔術師,14/指揮官,6/862
歩兵,39/騎兵,6/騎兵,7/指揮官,5/指揮官,5/指揮官,9/802
騎兵,8/弓兵,24/騎兵,8/騎兵,7/騎兵,7/弓兵,18/1602
騎兵,5/ジークフリート,2/魔術師,26/歩兵,49/ジークフリート,2/騎兵,9/5621
指揮官,5/ジークフリート,2/ジークフリート,2/ジークフリート,1/ジークフリート,2/指揮官,8/3335
歩兵,38/弓兵,23/魔術師,28/指揮官,7/騎兵,6/騎兵,9/839
歩兵,44/弓兵,20/指揮官,7/ジークフリート,1/弓兵,14/ジークフリート,2/1617
弓兵,20/騎兵,7/弓兵,14/魔術師,16/弓兵,25/魔術師,24/535
指揮官,8/ジークフリート,2/騎兵,9/ジークフリート,1/騎兵,7/魔術師,18/4935
指揮官,7/魔術師,20/指揮官,9/魔術師,16/弓兵,24/指揮官,9/325
ジークフリート,1/歩兵,43/歩兵,47/指揮官,8/魔術師,23/魔術師,23/719
魔術師,16/歩兵,31/ジークフリート,1/指揮官,9/指揮官,6/魔術師,29/1317
魔術師,29/歩兵,33/魔術師,20/ジークフリート,2/魔術師,25/騎兵,9/1953
弓兵,19/魔術師,15/魔術師,19/歩兵,41/ジークフリート,1/弓兵,12/928
弓兵,15/騎兵,5/歩兵,49/騎兵,9/魔術師,23/魔術師,21/630
弓兵,28/指揮官,8/指揮官,6/騎兵,6/騎兵,5/弓兵,29/656
歩兵,46/指揮官,7/指揮官,6/魔術師,21/騎兵,6/魔術師,25/420
歩兵,41/魔術師,10/弓兵,23/歩兵,48/魔術師,29/弓兵,19/362
騎兵,5/魔術師,27/指揮官,6/魔術師,11/弓兵,15/指揮官,8/423
歩兵,38/歩兵,32/魔術師,28/ジークフリート,1/ジークフリート,2/弓兵,13/2104
魔術師,18/騎兵,6/ジークフリート,1/魔術師,21/魔術師,21/魔術師,24/1255
歩兵,49/歩兵,41/魔術師,12/指揮官,6/弓兵,13/騎兵,5/373
指揮官,5/魔術師,19/指揮官,7/ジークフリート,1/指揮官,8/魔術師,13/883
騎兵,7/弓兵,17/騎兵,8/指揮官,8/魔術師,21/騎兵,5/1013
弓兵,11/魔術師,10/魔術師,25/ジークフリート,1/騎兵,8/ジークフリート,2/2941
歩兵,48/弓兵,19/弓兵,11/歩兵,47/ジークフリート,1/指揮官,8/756
指揮官,5/歩兵,39/弓兵,21/騎兵,8/騎兵,7/ジークフリート,1/1324
ジークフリート,1/ジークフリート,1/弓兵,21/騎兵,6/騎兵,9/魔術師,21/2046
ジークフリート,2/指揮官,7/魔術師,24/指揮官,9/魔術師,24/ジークフリート,2/5119
歩兵,46/弓兵,10/歩兵,49/魔術師,20/弓兵,13/歩兵,49/343
歩兵,36/魔術師,26/弓兵,15/魔術師,16/ジークフリート,2/指揮官,5/1337
魔術師,25/騎兵,6/弓兵,26/歩兵,42/ジークフリート,2/歩兵,37/1600
弓兵,20/ジークフリート,1/ジークフリート,2/魔術師,14/弓兵,16/魔術師,26/2299
騎兵,9/歩兵,42/ジークフリート,1/指揮官,7/騎兵,9/歩兵,42/1661
歩兵,41/ジークフリート,2/歩兵,42/魔術師,24/歩兵,43/騎兵,6/1416
ジークフリート,1/歩兵,35/ジークフリート,2/ジークフリート,1/魔術師,23/指揮官,6/3030
魔術師,26/歩兵,41/指揮官,8/指揮官,8/歩兵,41/ジークフリート,1/701
魔術師,21/騎兵,7/魔術師,29/弓兵,25/魔術師,16/歩兵,38/473
魔術師,18/指揮官,7/歩兵,45/ジークフリート,2/歩兵,48/魔術師,11/1147
ジークフリート,1/騎兵,8/騎兵,8/ジークフリート,2/騎兵,7/歩兵,41/2863
指揮官,9/魔術師,12/弓兵,25/弓兵,21/ジークフリート,1/歩兵,44/996
歩兵,49/騎兵,7/弓兵,23/指揮官,8/指揮官,9/騎兵,6/863
歩兵,36/魔術師,14/指揮官,9/弓兵,19/弓兵,26/騎兵,9/597
魔術師,25/ジークフリート,2/指揮官,6/歩兵,49/弓兵,28/魔術師,15/1412
歩兵,40/騎兵,6/指揮官,6/指揮官,6/歩兵,41/弓兵,29/462
ジークフリート,2/魔術師,15/魔術師,20/弓兵,24/指揮官,7/指揮官,8/1861
指揮官,6/ジークフリート,2/弓兵,22/歩兵,31/歩兵,40/歩兵,34/1180
魔術師,19/指揮官,6/ジークフリート,1/ジークフリート,2/魔術師,19/弓兵,15/2000
弓兵,14/魔術師,29/魔術師,28/魔術師,28/歩兵,44/魔術師,17/324
指揮官,9/魔術師,10/ジークフリート,1/魔術師,17/歩兵,43/弓兵,13/695
魔術師,22/ジークフリート,2/ジークフリート,1/ジークフリート,2/ジークフリート,1/ジークフリート,1/6395
歩兵,31/弓兵,18/ジークフリート,2/弓兵,28/魔術師,23/騎兵,9/1713
騎兵,7/指揮官,9/ジークフリート,2/指揮官,7/指揮官,6/弓兵,21/1422
指揮官,5/魔術師,26/弓兵,27/弓兵,24/歩兵,42/ジークフリート,2/1690
歩兵,31/歩兵,45/騎兵,7/歩兵,49/歩兵,46/弓兵,13/539
ジークフリート,1/ジークフリート,2/ジークフリート,1/ジークフリート,1/歩兵,38/歩兵,43/2686
弓兵,28/魔術師,23/ジークフリート,2/ジークフリート,1/指揮官,5/騎兵,9/2650
指揮官,7/歩兵,40/指揮官,6/指揮官,9/歩兵,43/弓兵,19/276
指揮官,8/魔術師,20/歩兵,46/指揮官,7/弓兵,17/ジークフリート,1/711
魔術師,29/魔術師,26/弓兵,29/魔術師,22/指揮官,7/弓兵,12/333
指揮官,5/指揮官,5/騎兵,9/騎兵,7/歩兵,40/歩兵,34/809
騎兵,7/ジークフリート,1/ジークフリート,2/騎兵,9/ジークフリート,2/騎兵,8/3885
ジークフリート,1/歩兵,39/騎兵,6/弓兵,22/ジークフリート,2/指揮官,9/1966
魔術師,14/指揮官,5/魔術師,10/歩兵,37/魔術師,10/弓兵,14/202
歩兵,30/弓兵,15/魔術師,29/魔術師,14/指揮官,8/魔術師,29/284
騎兵,5/騎兵,8/指揮官,7/指揮官,8/騎兵,7/指揮官,7/982
指揮官,7/魔術師,19/指揮官,8/魔術師,17/魔術師,18/弓兵,14/225
魔術師,14/指揮官,6/歩兵,30/指揮官,5/歩兵,46/騎兵,5/333
騎兵,9/歩兵,47/指揮官,8/歩兵,40/歩兵,34/騎兵,7/901
歩兵,33/弓兵,11/魔術師,16/弓兵,18/ジークフリート,2/ジークフリート,2/2303
指揮官,7/弓兵,23/ジークフリート,1/騎兵,7/歩兵,39/弓兵,22/982
魔術師,23/ジークフリート,1/魔術師,19/弓兵,12/歩兵,45/魔術師,25/717
魔術師,10/騎兵,9/ジークフリート,1/指揮官,8/魔術師,12/指揮官,5/1182
歩兵,36/ジークフリート,2/弓兵,27/指揮官,6/騎兵,8/弓兵,18/1576
指揮官,7/騎兵,7/指揮官,8/魔術師,19/弓兵,22/弓兵,19/445
ジークフリート,2/歩兵,34/指揮官,5/歩兵,32/騎兵,6/魔術師,20/1443
ジークフリート,2/弓兵,17/魔術師,25/騎兵,9/魔術師,11/ジークフリート,2/4790
魔術師,20/指揮官,7/歩兵,36/指揮官,6/騎兵,8/騎兵,8/1040
指揮官,6/騎兵,7/騎兵,5/歩兵,35/騎兵,5/指揮官,5/893
騎兵,9/魔術師,18/ジークフリート,2/ジークフリート,1/ジークフリート,2/歩兵,43/4697
ジークフリート,2/弓兵,26/指揮官,5/騎兵,5/魔術師,19/騎兵,6/2370
騎兵,8/弓兵,19/弓兵,24/弓兵,22/魔術師,20/歩兵,44/573
弓兵,15/指揮官,9/弓兵,15/弓兵,17/歩兵,43/魔術師,29/323
魔術師,20/騎兵,7/弓兵,26/魔術師,15/指揮官,6/弓兵,24/465
魔術師,14/魔術師,22/弓兵,24/指揮官,8/弓兵,25/歩兵,47/361
魔術師,15/魔術師,15/歩兵,33/指揮官,7/歩兵,41/弓兵,29/317
弓兵,19/魔術師,17/騎兵,6/歩兵,41/指揮官,5/騎兵,6/552
歩兵,31/弓兵,17/騎兵,9/弓兵,17/指揮官,9/弓兵,21/525
指揮官,9/ジークフリート,1/弓兵,21/魔術師,12/歩兵,31/歩兵,44/714
歩兵,30/魔術師,27/騎兵,5/弓兵,22/ジークフリート,1/ジークフリート,2/3229
ジークフリート,1/弓兵,25/指揮官,7/歩兵,37/騎兵,5/騎兵,6/1096
指揮官,8/弓兵,14/歩兵,30/弓兵,11/歩兵,33/騎兵,6/388
歩兵,36/歩兵,39/弓兵,23/騎兵,6/ジークフリート,1/歩兵,32/872
ジークフリート,2/弓兵,19/魔術師,18/歩兵,39/指揮官,5/指揮官,9/1208
歩兵,47/歩兵,30/歩兵,46/歩兵,48/魔術師,13/弓兵,26/394
魔術師,23/魔術師,28/騎兵,9/魔術師,26/弓兵,27/指揮官,6/536
ジークフリート,1/歩兵,41/ジークフリート,1/ジークフリート,1/魔術師,16/歩兵,41/2054
弓兵,26/騎兵,9/弓兵,24/歩兵,48/魔術師,12/歩兵,30/564
歩兵,46/歩兵,43/ジークフリート,2/弓兵,14/歩兵,39/弓兵,15/1238
歩兵,30/歩兵,48/ジークフリート,2/魔術師,22/ジークフリート,2/騎兵,6/4100
指揮官,9/指揮官,5/弓兵,28/ジークフリート,1/魔術師,29/魔術師,22/708
ジークフリート,1/歩兵,43/騎兵,8/魔術師,12/ジークフリート,1/魔術師,22/2377
ジークフリート,2/魔術師,13/騎兵,8/騎兵,7/歩兵,46/ジークフリート,2/4128
指揮官,9/指揮官,9/歩兵,33/弓兵,24/指揮官,8/歩兵,39/331
弓兵,12/魔術師,23/魔術師,11/弓兵,14/歩兵,35/指揮官,5/237
指揮官,9/弓兵,26/騎兵,5/ジークフリート,1/ジークフリート,1/歩兵,30/1310
騎兵,8/弓兵,15/ジークフリート,2/指揮官,7/弓兵,20/弓兵,21/1449
騎兵,8/魔術師,29/ジークフリート,2/歩兵,44/指揮官,5/指揮官,5/2079
ジークフリート,1/魔術師,22/歩兵,42/指揮官,6/魔術師,17/ジークフリート,1/1505
指揮官,8/騎兵,8/騎兵,8/弓兵,27/魔術師,20/指揮官,7/934
ジークフリート,1/弓兵,15/弓兵,13/弓兵,13/ジークフリート,2/指揮官,8/1568
弓兵,19/指揮官,7/騎兵,6/ジークフリート,1/歩兵,47/指揮官,8/941
指揮官,7/歩兵,34/魔術師,19/弓兵,24/指揮官,6/ジークフリート,1/924
ジークフリート,1/魔術師,23/弓兵,17/歩兵,37/弓兵,22/魔術師,22/734
指揮官,7/弓兵,12/歩兵,49/弓兵,17/騎兵,9/騎兵,8/866
歩兵,36/騎兵,5/魔術師,20/弓兵,23/騎兵,8/指揮官,5/670
歩兵,48/歩兵,35/騎兵,6/魔術師,16/歩兵,36/ジークフリート,2/1531
指揮官,9/指揮官,8/ジークフリート,1/指揮官,7/弓兵,11/指揮官,8/687
歩兵,36/歩兵,34/騎兵,6/魔術師,18/歩兵,30/魔術師,18/404
指揮官,8/魔術師,20/指揮官,8/ジークフリート,2/指揮官,5/ジークフリート,2/3905
魔術師,21/ジークフリート,2/指揮官,9/弓兵,14/歩兵,45/ジークフリート,1/2164
騎兵,7/弓兵,26/魔術師,25/ジークフリート,1/歩兵,39/魔術師,20/926
歩兵,31/指揮官,7/魔術師,23/ジークフリート,2/歩兵,49/指揮官,8/1620
ジークフリート,1/ジークフリート,1/弓兵,13/ジークフリート,2/ジークフリート,1/弓兵,12/2371
騎兵,5/ジークフリート,2/騎兵,9/魔術師,28/指揮官,9/騎兵,8/4916
ジークフリート,2/魔術師,11/ジークフリート,2/騎兵,8/魔術師,13/指揮官,5/3461
騎兵,6/歩兵,40/弓兵,13/騎兵,7/ジークフリート,1/魔術師,19/1229
歩兵,37/歩兵,37/魔術師,21/歩兵,44/魔術師,26/弓兵,25/375
歩兵,30/弓兵,13/騎兵,9/歩兵,31/魔術師,23/魔術師,23/492
魔術師,27/ジークフリート,1/騎兵,8/指揮官,7/弓兵,28/歩兵,31/957
ジークフリート,2/ジークフリート,2/ジークフリート,2/弓兵,20/歩兵,32/騎兵,6/3473
騎兵,8/指揮官,5/魔術師,18/魔術師,29/指揮官,5/魔術師,18/477
指揮官,7/騎兵,9/弓兵,24/歩兵,46/騎兵,8/ジークフリート,1/1498
歩兵,42/歩兵,48/歩兵,31/指揮官,8/弓兵,29/魔術師,10/338
弓兵,26/歩兵,44/歩兵,33/ジークフリート,1/指揮官,9/魔術師,10/734
魔術師,23/騎兵,8/歩兵,45/魔術師,24/弓兵,23/指揮官,9/525
騎兵,6/弓兵,15/ジークフリート,1/騎兵,9/歩兵,42/魔術師,21/1335
弓兵,16/指揮官,6/指揮官,9/歩兵,34/弓兵,19/魔術師,25/288
歩兵,47/弓兵,13/騎兵,5/歩兵,34/騎兵,6/歩兵,45/576
魔術師,29/魔術師,24/弓兵,21/歩兵,33/ジークフリート,1/ジークフリート,2/2703
歩兵,38/ジークフリート,1/魔術師,23/魔術師,16/ジークフリート,2/魔術師,20/2639
ジークフリート,2/騎兵,7/弓兵,24/魔術師,15/指揮官,8/弓兵,17/1897
指揮官,7/魔術師,20/歩兵,38/弓兵,10/騎兵,5/魔術師,15/334
ジークフリート,1/指揮官,9/魔術師,17/歩兵,49/ジークフリート,2/指揮官,5/2309
ジークフリート,1/歩兵,34/歩兵,41/歩兵,40/騎兵,9/ジークフリート,2/2207
指揮官,5/騎兵,6/ジークフリート,1/歩兵,32/歩兵,49/ジークフリート,1/1343
指揮官,5/指揮官,7/魔術師,16/指揮官,7/歩兵,34/ジークフリート,2/1241
騎兵,7/ジークフリート,2/歩兵,39/弓兵,24/歩兵,43/騎兵,7/1816
魔術師,16/魔術師,29/歩兵,33/指揮官,9/弓兵,22/歩兵,42/313
騎兵,7/ジークフリート,2/ジークフリート,1/弓兵,29/歩兵,30/指揮官,6/1952
歩兵,36/歩兵,32/歩兵,41/ジークフリート,1/指揮官,6/魔術師,21/917
ジークフリート,1/歩兵,33/弓兵,29/ジークフリート,1/騎兵,8/歩兵,31/1465
歩兵,44/ジークフリート,2/騎兵,5/指揮官,8/指揮官,7/歩兵,31/1408
騎兵,7/歩兵,48/指揮官,9/騎兵,8/弓兵,20/歩兵,32/779
魔術師,25/弓兵,28/歩兵,33/魔術師,14/騎兵,8/弓兵,15/524
指揮官,7/歩兵,39/歩兵,40/騎兵,8/歩兵,32/魔術師,21/461
弓兵,29/ジークフリート,2/ジークフリート,2/弓兵,17/弓兵,20/歩兵,37/2294
歩兵,41/指揮官,5/騎兵,8/ジークフリート,1/弓兵,22/歩兵,38/962
指揮官,5/指揮官,7/指揮官,8/指揮官,5/歩兵,39/ジークフリート,1/728
騎兵,9/騎兵,7/弓兵,22/弓兵,28/弓兵,29/歩兵,45/914
歩兵,43/指揮官,6/ジークフリート,2/ジークフリート,1/弓兵,11/弓兵,26/1635
指揮官,6/指揮官,6/騎兵,7/ジークフリート,2/騎兵,7/弓兵,29/1751
魔術師,28/ジークフリート,2/魔術師,10/ジークフリート,2/弓兵,20/騎兵,5/4034
指揮官,6/ジークフリート,2/弓兵,23/騎兵,6/指揮官,9/歩兵,38/1505
ジークフリート,2/騎兵,9/ジークフリート,1/騎兵,8/ジークフリート,1/指揮官,5/2755
ジークフリート,1/ジークフリート,2/弓兵,28/魔術師,14/指揮官,8/魔術師,22/2786
弓兵,12/騎兵,5/騎兵,6/指揮官,5/弓兵,29/歩兵,45/683
ジークフリート,2/ジークフリート,1/弓兵,25/魔術師,10/指揮官,5/魔術師,10/1528
弓兵,29/弓兵,29/弓兵,27/魔術師,24/歩兵,46/魔術師,29/494
指揮官,7/ジークフリート,1/騎兵,8/指揮官,8/指揮官,6/ジークフリート,1/1401
騎兵,6/歩兵,31/弓兵,28/歩兵,41/歩兵,38/ジークフリート,2/1460
指揮官,7/魔術師,22/ジークフリート,1/魔術師,27/歩兵,32/弓兵,16/707
魔術師,17/指揮官,6/魔術師,24/弓兵,12/指揮官,6/歩兵,40/231
弓兵,20/騎兵,7/ジークフリート,2/騎兵,8/指揮官,7/指揮官,8/1787
歩兵,38/弓兵,17/弓兵,10/歩兵,32/騎兵,5/弓兵,23/426
騎兵,9/魔術師,11/騎兵,7/騎兵,8/ジークフリート,2/騎兵,9/3833
歩兵,39/歩兵,43/指揮官,7/指揮官,7/弓兵,21/魔術師,14/277
騎兵,6/ジークフリート,1/指揮官,8/弓兵,24/指揮官,9/歩兵,41/977
魔術師,29/ジークフリート,1/弓兵,21/歩兵,48/騎兵,7/ジークフリート,2/2684
歩兵,43/ジークフリート,1/歩兵,37/騎兵,9/ジークフリート,1/魔術師,12/1672
魔術師,15/弓兵,14/魔術師,23/ジークフリート,2/歩兵,31/騎兵,8/1716
歩兵,30/弓兵,17/弓兵,29/魔術師,19/騎兵,7/騎兵,7/745
指揮官,9/魔術師,29/弓兵,14/弓兵,23/指揮官,8/魔術師,18/294
ジークフリート,1/弓兵,15/歩兵,47/指揮官,7/ジークフリート,1/弓兵,15/1131
ジークフリート,1/指揮官,8/魔術師,18/歩兵,32/弓兵,18/歩兵,38/918
弓兵,27/弓兵,17/ジークフリート,1/魔術師,13/騎兵,7/指揮官,9/979
魔術師,16/指揮官,9/魔術師,20/指揮官,6/魔術師,18/ジークフリート,2/1401
騎兵,5/ジークフリート,1/指揮官,7/魔術師,29/歩兵,33/騎兵,7/1496
騎兵,7/歩兵,31/ジークフリート,2/騎兵,9/騎兵,9/魔術師,11/2740
騎兵,6/弓兵,16/魔術師,20/歩兵,47/歩兵,49/騎兵,7/678
指揮官,8/弓兵,17/弓兵,13/歩兵,37/魔術師,26/歩兵,48/323
騎兵,6/指揮官,9/歩兵,35/歩兵,47/弓兵,25/指揮官,8/495
歩兵,46/指揮官,8/弓兵,27/弓兵,28/歩兵,41/指揮官,9/403
指揮官,9/歩兵,47/弓兵,28/歩兵,37/弓兵,14/騎兵,9/586
弓兵,15/歩兵,46/ジークフリート,2/ジークフリート,2/指揮官,6/騎兵,5/2525
魔術師,23/指揮官,6/弓兵,22/弓兵,25/ジークフリート,1/ジークフリート,2/2095
魔術師,11/魔術師,13/騎兵,9/騎兵,8/弓兵,23/ジークフリート,1/1723
弓兵,21/ジークフリート,2/ジークフリート,2/弓兵,14/魔術師,12/歩兵,36/2113
ジークフリート,2/魔術師,28/弓兵,11/弓兵,22/指揮官,9/騎兵,9/1948
魔術師,24/魔術師,13/指揮官,9/歩兵,43/ジークフリート,1/ジークフリート,2/1897
指揮官,8/騎兵,6/弓兵,29/魔術師,22/ジークフリート,2/ジークフリート,1/3085