魔術師,13/指揮官,11/魔術師,16/魔術師,16/ジークフリート,2/弓兵,36/魔術師,27/34544
歩兵,59/ジークフリート,2/騎兵,10/騎兵,9/魔術師,19/魔術師,26/ジークフリート,2/19844
指揮官,10/ジークフリート,1/騎兵,11/弓兵,20/歩兵,48/弓兵,26/弓兵,19/21928
騎兵,11/魔術師,28/歩兵,48/歩兵,48/騎兵,9/指揮官,9/指揮官,9/17561
ジークフリート,1/指揮官,10/指揮官,7/弓兵,33/ジークフリート,1/指揮官,11/歩兵,55/9123
弓兵,15/弓兵,22/ジークフリート,2/魔術師,36/指揮官,7/歩兵,49/魔術師,31/39636
指揮官,9/歩兵,62/騎兵,7/指揮官,11/ジークフリート,2/歩兵,55/魔術師,20/38884
ジークフリート,1/弓兵,33/ジークフリート,2/弓兵,16/騎兵,11/魔術師,29/弓兵,19/38887
歩兵,62/騎兵,10/騎兵,6/弓兵,37/指揮官,9/指揮官,7/魔術師,18/16812
騎兵,10/歩兵,50/ジークフリート,2/ジークフリート,1/指揮官,6/ジークフリート,2/弓兵,14/20764
ジークフリート,2/騎兵,9/魔術師,22/歩兵,55/魔術師,26/弓兵,23/騎兵,10/29749
騎兵,10/騎兵,11/魔術師,13/歩兵,48/騎兵,11/騎兵,9/歩兵,44/29709
歩兵,59/魔術師,23/ジークフリート,2/歩兵,58/歩兵,53/魔術師,20/弓兵,22/50723
騎兵,9/歩兵,53/弓兵,20/騎兵,6/歩兵,48/指揮官,11/歩兵,40/41396
弓兵,27/指揮官,9/歩兵,54/ジークフリート,1/指揮官,6/騎兵,6/弓兵,32/23485
騎兵,11/指揮官,10/弓兵,27/ジークフリート,2/弓兵,35/騎兵,9/弓兵,26/20953
ジークフリート,1/弓兵,22/魔術師,29/騎兵,7/騎兵,11/ジークフリート,2/魔術師,18/18097
歩兵,54/ジークフリート,1/弓兵,20/指揮官,7/魔術師,22/魔術師,32/魔術師,22/28132
騎兵,9/弓兵,19/ジークフリート,1/指揮官,9/指揮官,6/歩兵,50/指揮官,11/13774
歩兵,53/騎兵,7/歩兵,55/歩兵,46/弓兵,18/弓兵,15/指揮官,11/19842
騎兵,11/ジークフリート,2/指揮官,7/魔術師,27/歩兵,48/魔術師,24/騎兵,7/23656
歩兵,54/魔術師,24/魔術師,15/魔術師,36/魔術師,26/騎兵,7/指揮官,7/26552
ジークフリート,1/魔術師,36/ジークフリート,2/指揮官,6/指揮官,9/歩兵,48/指揮官,7/19234
ジークフリート,2/弓兵,16/歩兵,55/魔術師,33/騎兵,9/指揮官,9/騎兵,6/17337
騎兵,6/弓兵,15/弓兵,19/歩兵,54/魔術師,18/ジークフリート,1/騎兵,7/20088
指揮官,11/弓兵,16/歩兵,41/騎兵,7/弓兵,32/弓兵,16/指揮官,6/11241
指揮官,10/魔術師,20/魔術師,23/魔術師,26/魔術師,23/指揮官,9/指揮官,10/21723
騎兵,7/魔術師,37/歩兵,44/ジークフリート,1/歩兵,49/ジークフリート,2/魔術師,32/38082
弓兵,32/弓兵,22/魔術師,36/騎兵,10/指揮官,11/指揮官,11/ジークフリート,1/15502
歩兵,48/歩兵,52/ジークフリート,2/歩兵,53/歩兵,49/弓兵,14/指揮官,6/58680
歩兵,41/騎兵,6/指揮官,11/ジークフリート,2/ジークフリート,2/魔術師,15/魔術師,22/28154
ジークフリート,1/ジークフリート,1/ジークフリート,1/歩兵,50/弓兵,31/弓兵,22/騎兵,6/11997
弓兵,15/魔術師,36/騎兵,11/魔術師,36/騎兵,9/騎兵,9/騎兵,7/20321
騎兵,6/弓兵,29/騎兵,7/弓兵,33/魔術師,19/魔術師,35/騎兵,9/13993
魔術師,36/歩兵,50/指揮官,6/騎兵,9/弓兵,15/騎兵,7/歩兵,45/23948
弓兵,19/騎兵,6/指揮官,11/ジークフリート,1/指揮官,9/騎兵,11/弓兵,15/10235
騎兵,11/騎兵,6/騎兵,7/弓兵,27/ジークフリート,2/騎兵,7/指揮官,9/9387
騎兵,7/指揮官,10/ジークフリート,1/魔術師,27/弓兵,31/弓兵,26/歩兵,50/28848
騎兵,7/弓兵,31/歩兵,44/ジークフリート,1/弓兵,18/弓兵,33/騎兵,6/29087
魔術師,32/騎兵,11/指揮官,11/魔術師,31/魔術師,26/歩兵,53/騎兵,6/21899
指揮官,11/指揮官,6/ジークフリート,2/ジークフリート,1/騎兵,6/弓兵,26/魔術師,32/13236
歩兵,61/弓兵,36/指揮官,11/魔術師,32/ジークフリート,2/歩兵,49/歩兵,53/39267
騎兵,10/魔術師,18/魔術師,24/騎兵,7/騎兵,6/指揮官,10/魔術師,35/30127
ジークフリート,2/ジークフリート,2/歩兵,49/魔術師,32/ジークフリート,2/歩兵,39/魔術師,22/56918
弓兵,29/ジークフリート,1/ジークフリート,1/指揮官,9/騎兵,10/歩兵,44/弓兵,26/13426
騎兵,6/歩兵,53/ジークフリート,1/指揮官,9/歩兵,57/指揮官,9/指揮官,10/11829
指揮官,11/魔術師,16/指揮官,7/ジークフリート,2/ジークフリート,2/魔術師,20/歩兵,57/23881
騎兵,10/騎兵,6/弓兵,20/ジークフリート,1/ジークフリート,1/指揮官,10/歩兵,58/8300
歩兵,45/弓兵,36/騎兵,11/騎兵,11/歩兵,54/歩兵,62/騎兵,11/47432
弓兵,15/歩兵,61/騎兵,11/指揮官,10/ジークフリート,1/指揮官,6/弓兵,15/16477
歩兵,53/魔術師,28/騎兵,11/騎兵,10/指揮官,7/騎兵,6/魔術師,23/18308
弓兵,24/魔術師,36/ジークフリート,2/指揮官,9/ジークフリート,1/歩兵,61/魔術師,37/25276
歩兵,49/騎兵,9/指揮官,9/歩兵,53/騎兵,10/魔術師,14/弓兵,37/34896
騎兵,6/魔術師,26/弓兵,29/魔術師,35/魔術師,29/指揮官,7/ジークフリート,2/30221
ジークフリート,1/ジークフリート,2/歩兵,45/指揮官,10/魔術師,32/指揮官,6/ジークフリート,2/14444
ジークフリート,1/弓兵,16/指揮官,11/指揮官,10/ジークフリート,2/ジークフリート,2/魔術師,16/11752
騎兵,9/指揮官,6/魔術師,33/弓兵,27/歩兵,42/指揮官,9/騎兵,6/44343
指揮官,7/弓兵,27/魔術師,28/騎兵,10/歩兵,63/騎兵,9/ジークフリート,1/21567
騎兵,9/ジークフリート,2/魔術師,22/弓兵,27/騎兵,7/指揮官,7/魔術師,28/19154
指揮官,9/歩兵,49/魔術師,37/ジークフリート,1/ジークフリート,1/騎兵,6/歩兵,54/44771
歩兵,44/ジークフリート,1/魔術師,13/魔術師,16/ジークフリート,2/指揮官,10/ジークフリート,2/32282
魔術師,13/歩兵,42/歩兵,63/弓兵,29/ジークフリート,1/歩兵,46/歩兵,53/54186
歩兵,53/弓兵,28/騎兵,10/歩兵,62/指揮官,6/弓兵,16/魔術師,13/35069
魔術師,18/騎兵,11/ジークフリート,2/指揮官,7/弓兵,31/弓兵,20/指揮官,10/14883
歩兵,39/指揮官,6/ジークフリート,2/ジークフリート,1/騎兵,10/弓兵,24/魔術師,28/22981
騎兵,11/ジークフリート,2/歩兵,59/魔術師,15/歩兵,39/ジークフリート,1/騎兵,10/34343
指揮官,7/騎兵,11/騎兵,9/歩兵,63/弓兵,37/指揮官,10/指揮官,7/15848
魔術師,19/騎兵,6/騎兵,10/弓兵,16/魔術師,18/指揮官,7/騎兵,10/10396
ジークフリート,2/魔術師,13/魔術師,28/騎兵,10/騎兵,10/魔術師,37/弓兵,31/31914
魔術師,35/歩兵,45/指揮官,11/騎兵,7/指揮官,9/歩兵,63/魔術師,33/43267
魔術師,36/ジークフリート,2/歩兵,57/魔術師,35/魔術師,26/歩兵,49/ジークフリート,1/28240
弓兵,26/指揮官,6/弓兵,23/騎兵,11/弓兵,16/指揮官,6/魔術師,24/10431
魔術師,19/弓兵,31/ジークフリート,1/魔術師,18/ジークフリート,1/魔術師,23/ジークフリート,2/27526
歩兵,49/弓兵,31/騎兵,6/指揮官,7/歩兵,63/指揮官,7/弓兵,18/44458
弓兵,26/歩兵,39/指揮官,10/歩兵,45/歩兵,62/弓兵,29/騎兵,10/57211
騎兵,10/指揮官,11/指揮官,11/指揮官,9/ジークフリート,2/指揮官,11/弓兵,23/6262
指揮官,11/弓兵,36/魔術師,37/ジークフリート,1/歩兵,46/魔術師,20/指揮官,10/29414
魔術師,24/騎兵,10/指揮官,9/指揮官,6/弓兵,28/指揮官,7/騎兵,6/10211
ジークフリート,1/ジークフリート,1/弓兵,20/弓兵,22/ジークフリート,2/騎兵,11/弓兵,27/11739
歩兵,62/魔術師,24/歩兵,62/魔術師,20/歩兵,54/魔術師,13/歩兵,53/59149
歩兵,39/魔術師,36/魔術師,23/ジークフリート,2/騎兵,10/指揮官,6/弓兵,20/21765
騎兵,11/指揮官,10/弓兵,32/弓兵,33/魔術師,28/弓兵,28/弓兵,29/27735
魔術師,13/歩兵,57/騎兵,6/ジークフリート,1/歩兵,49/弓兵,33/魔術師,15/27627
指揮官,6/弓兵,20/弓兵,31/騎兵,7/歩兵,46/ジークフリート,1/ジークフリート,1/16294
騎兵,6/ジークフリート,1/魔術師,28/歩兵,50/騎兵,6/弓兵,14/指揮官,9/11036
騎兵,10/歩兵,49/指揮官,11/弓兵,19/弓兵,19/歩兵,42/歩兵,39/25043
ジークフリート,1/魔術師,18/騎兵,7/ジークフリート,1/弓兵,37/歩兵,57/魔術師,19/24562
歩兵,45/歩兵,59/騎兵,11/騎兵,11/指揮官,9/騎兵,6/弓兵,37/19522
歩兵,46/魔術師,28/弓兵,24/騎兵,6/歩兵,40/歩兵,50/弓兵,13/32757
弓兵,35/ジークフリート,2/歩兵,39/指揮官,11/魔術師,24/指揮官,10/騎兵,11/16097
騎兵,10/騎兵,11/弓兵,27/弓兵,29/歩兵,48/ジークフリート,2/指揮官,10/20475
魔術師,33/魔術師,33/騎兵,10/ジークフリート,1/指揮官,9/ジークフリート,1/魔術師,22/33077
歩兵,53/騎兵,7/ジークフリート,2/ジークフリート,2/騎兵,9/ジークフリート,1/魔術師,27/19120
騎兵,6/ジークフリート,2/弓兵,19/ジークフリート,2/歩兵,49/歩兵,42/魔術師,19/23483
ジークフリート,1/弓兵,35/指揮官,10/魔術師,31/歩兵,54/魔術師,15/歩兵,49/43114
ジークフリート,1/歩兵,48/魔術師,14/騎兵,9/ジークフリート,2/歩兵,40/ジークフリート,2/14561
魔術師,15/歩兵,49/騎兵,6/歩兵,53/ジークフリート,1/ジークフリート,1/騎兵,6/13043
騎兵,10/指揮官,11/騎兵,6/魔術師,36/騎兵,7/ジークフリート,1/歩兵,54/28085
弓兵,24/歩兵,53/歩兵,53/弓兵,22/ジークフリート,2/指揮官,11/騎兵,9/28789
騎兵,11/魔術師,18/指揮官,10/魔術師,33/歩兵,61/歩兵,46/指揮官,7/24579
魔術師,36/弓兵,32/ジークフリート,1/指揮官,7/弓兵,20/歩兵,44/指揮官,6/32220
歩兵,59/弓兵,36/魔術師,33/歩兵,42/騎兵,9/ジークフリート,1/ジークフリート,1/33496
魔術師,15/指揮官,10/魔術師,14/指揮官,11/指揮官,11/騎兵,6/指揮官,9/6383
騎兵,9/騎兵,11/歩兵,62/ジークフリート,1/騎兵,11/指揮官,9/騎兵,10/21762
魔術師,18/弓兵,24/ジークフリート,2/騎兵,11/指揮官,6/ジークフリート,1/魔術師,22/22439
指揮官,6/魔術師,35/魔術師,19/弓兵,31/歩兵,57/歩兵,58/指揮官,7/30852
ジークフリート,2/魔術師,20/ジークフリート,2/魔術師,29/指揮官,10/指揮官,10/指揮官,11/14163
指揮官,10/弓兵,26/ジークフリート,2/ジークフリート,1/弓兵,27/騎兵,9/ジークフリート,2/7312
歩兵,53/弓兵,37/弓兵,20/弓兵,16/歩兵,61/指揮官,7/ジークフリート,1/35965
指揮官,10/指揮官,9/魔術師,19/歩兵,50/歩兵,52/指揮官,9/指揮官,6/20043
歩兵,44/魔術師,19/魔術師,35/魔術師,31/騎兵,10/弓兵,36/ジークフリート,2/24801
弓兵,18/指揮官,10/指揮官,6/指揮官,11/ジークフリート,1/魔術師,33/騎兵,11/15649
弓兵,16/騎兵,7/指揮官,10/弓兵,36/歩兵,49/弓兵,19/魔術師,33/18517
弓兵,31/指揮官,7/指揮官,10/歩兵,54/魔術師,29/弓兵,36/指揮官,9/30025
指揮官,7/弓兵,29/指揮官,6/騎兵,11/魔術師,23/指揮官,7/弓兵,26/15428
魔術師,22/指揮官,7/弓兵,32/ジークフリート,1/魔術師,31/魔術師,36/魔術師,32/31799
魔術師,24/騎兵,6/指揮官,6/魔術師,15/歩兵,50/弓兵,35/魔術師,18/35442
弓兵,19/騎兵,6/魔術師,26/指揮官,6/騎兵,6/騎兵,6/弓兵,35/10307
弓兵,27/騎兵,6/歩兵,57/歩兵,44/ジークフリート,1/騎兵,10/指揮官,10/30536
歩兵,50/弓兵,26/騎兵,9/魔術師,27/弓兵,36/騎兵,6/ジークフリート,2/27122
指揮官,11/魔術師,36/弓兵,23/魔術師,24/弓兵,19/魔術師,19/ジークフリート,1/38193
弓兵,19/歩兵,42/魔術師,36/騎兵,11/魔術師,23/魔術師,19/ジークフリート,2/33209
弓兵,35/弓兵,28/指揮官,7/指揮官,7/騎兵,7/魔術師,16/魔術師,20/12885
ジークフリート,1/魔術師,32/指揮官,7/歩兵,61/魔術師,26/歩兵,57/指揮官,6/26770
魔術師,33/魔術師,20/騎兵,7/歩兵,59/歩兵,42/指揮官,7/魔術師,23/33309
騎兵,10/歩兵,44/魔術師,31/指揮官,9/ジークフリート,1/騎兵,11/指揮官,9/17098
ジークフリート,2/ジークフリート,2/魔術師,24/騎兵,11/魔術師,20/ジークフリート,1/魔術師,29/15261
騎兵,6/弓兵,32/ジークフリート,2/騎兵,7/弓兵,28/ジークフリート,2/歩兵,58/31878
指揮官,7/弓兵,29/魔術師,36/弓兵,32/歩兵,50/ジークフリート,1/歩兵,57/32006
ジークフリート,2/ジークフリート,1/騎兵,10/魔術師,24/指揮官,11/指揮官,10/弓兵,18/20503
騎兵,10/歩兵,59/ジークフリート,2/歩兵,41/騎兵,11/指揮官,7/弓兵,24/14249
弓兵,24/魔術師,29/歩兵,63/騎兵,9/騎兵,10/ジークフリート,1/歩兵,54/48427
指揮官,9/歩兵,54/魔術師,28/指揮官,11/騎兵,11/指揮官,6/ジークフリート,1/25735
指揮官,11/魔術師,37/騎兵,7/ジークフリート,2/騎兵,11/魔術師,19/歩兵,62/38251
指揮官,10/歩兵,52/弓兵,35/魔術師,14/指揮官,11/魔術師,31/指揮官,10/37633
魔術師,29/騎兵,7/ジークフリート,1/ジークフリート,1/魔術師,22/ジークフリート,1/ジークフリート,1/10918
弓兵,16/騎兵,10/ジークフリート,2/弓兵,20/歩兵,50/魔術師,28/騎兵,7/40466
弓兵,18/歩兵,45/騎兵,10/魔術師,22/ジークフリート,2/弓兵,31/魔術師,16/18327
騎兵,11/指揮官,11/指揮官,6/指揮官,7/魔術師,36/弓兵,35/魔術師,35/31804
騎兵,6/騎兵,9/弓兵,37/魔術師,28/弓兵,23/弓兵,24/ジークフリート,2/24096
騎兵,10/弓兵,18/ジークフリート,1/魔術師,14/指揮官,11/ジークフリート,1/騎兵,7/12056
ジークフリート,2/魔術師,32/指揮官,6/騎兵,11/指揮官,6/歩兵,45/歩兵,44/26514
魔術師,14/騎兵,11/指揮官,7/騎兵,6/歩兵,40/歩兵,48/弓兵,20/41006
騎兵,7/魔術師,26/魔術師,29/騎兵,10/弓兵,23/歩兵,52/ジークフリート,1/16196
歩兵,50/魔術師,32/ジークフリート,1/指揮官,9/魔術師,36/ジークフリート,2/指揮官,6/34216
指揮官,7/弓兵,32/弓兵,15/弓兵,26/ジークフリート,2/魔術師,15/魔術師,37/30995
ジークフリート,1/騎兵,10/歩兵,41/ジークフリート,2/ジークフリート,2/歩兵,46/指揮官,11/28565
歩兵,50/ジークフリート,1/騎兵,10/ジークフリート,1/魔術師,23/騎兵,9/ジークフリート,2/33068
歩兵,46/指揮官,9/弓兵,36/指揮官,10/指揮官,11/弓兵,23/歩兵,40/22493
弓兵,29/指揮官,11/魔術師,32/歩兵,55/歩兵,39/魔術師,19/歩兵,49/58797
魔術師,20/ジークフリート,1/騎兵,9/ジークフリート,2/ジークフリート,1/魔術師,36/弓兵,35/45013
騎兵,10/弓兵,37/魔術師,36/歩兵,53/弓兵,24/歩兵,48/騎兵,11/59656
弓兵,36/騎兵,11/騎兵,6/魔術師,33/歩兵,46/弓兵,23/指揮官,11/33800
騎兵,9/歩兵,59/騎兵,7/魔術師,22/歩兵,50/指揮官,7/魔術師,26/36565
魔術師,32/指揮官,6/ジークフリート,2/騎兵,9/弓兵,27/歩兵,46/弓兵,24/39213
歩兵,61/ジークフリート,1/魔術師,20/弓兵,29/ジークフリート,2/弓兵,29/歩兵,50/40946
騎兵,9/指揮官,7/魔術師,22/歩兵,54/弓兵,19/ジークフリート,2/魔術師,29/34414
魔術師,16/歩兵,39/魔術師,32/騎兵,7/ジークフリート,1/魔術師,36/歩兵,48/38142
指揮官,6/指揮官,6/指揮官,10/指揮官,9/歩兵,61/歩兵,54/指揮官,11/25169
魔術師,14/魔術師,28/歩兵,39/歩兵,59/魔術師,26/歩兵,61/指揮官,6/43261
騎兵,7/指揮官,6/騎兵,10/魔術師,26/歩兵,41/魔術師,37/ジークフリート,2/15919
弓兵,27/歩兵,45/ジークフリート,1/歩兵,63/弓兵,26/弓兵,36/指揮官,7/43242
ジークフリート,2/魔術師,14/魔術師,23/魔術師,33/魔術師,35/ジークフリート,1/魔術師,20/27642
指揮官,11/歩兵,42/魔術師,28/指揮官,9/ジークフリート,1/騎兵,7/弓兵,33/24161
ジークフリート,1/歩兵,45/騎兵,10/騎兵,9/指揮官,11/弓兵,23/指揮官,9/13027
ジークフリート,1/ジークフリート,2/指揮官,6/指揮官,10/騎兵,6/ジークフリート,2/歩兵,63/15307
指揮官,11/弓兵,18/弓兵,18/騎兵,10/弓兵,24/指揮官,7/魔術師,13/13544
歩兵,42/ジークフリート,1/騎兵,9/指揮官,10/指揮官,7/弓兵,16/指揮官,6/15376
指揮官,11/ジークフリート,2/騎兵,10/指揮官,9/歩兵,45/ジークフリート,2/騎兵,9/17800
歩兵,54/弓兵,29/騎兵,10/指揮官,6/ジークフリート,2/ジークフリート,2/歩兵,40/37344
ジークフリート,1/指揮官,10/騎兵,10/ジークフリート,1/ジークフリート,1/指揮官,6/指揮官,9/4801
魔術師,31/弓兵,36/弓兵,16/弓兵,35/魔術師,28/歩兵,42/ジークフリート,2/21259
ジークフリート,1/弓兵,36/騎兵,7/ジークフリート,1/魔術師,15/騎兵,11/魔術師,19/13541
歩兵,63/弓兵,23/魔術師,26/魔術師,35/ジークフリート,2/ジークフリート,1/歩兵,46/52325
魔術師,37/魔術師,14/指揮官,9/ジークフリート,1/ジークフリート,2/指揮官,7/魔術師,36/15160
歩兵,52/弓兵,15/ジークフリート,1/歩兵,44/弓兵,15/魔術師,14/歩兵,53/36351
ジークフリート,2/弓兵,36/騎兵,11/弓兵,27/歩兵,58/騎兵,6/騎兵,7/33331
魔術師,13/指揮官,10/魔術師,36/弓兵,19/歩兵,50/ジークフリート,1/指揮官,9/31899
指揮官,7/指揮官,10/指揮官,6/騎兵,9/弓兵,18/騎兵,6/ジークフリート,2/7248
弓兵,33/弓兵,23/魔術師,19/ジークフリート,1/歩兵,52/魔術師,22/弓兵,22/33506
指揮官,11/弓兵,19/歩兵,41/魔術師,13/ジークフリート,2/魔術師,32/歩兵,49/21442
歩兵,49/歩兵,44/魔術師,27/騎兵,9/魔術師,36/弓兵,14/弓兵,24/33039
魔術師,23/魔術師,36/ジークフリート,2/騎兵,11/魔術師,23/騎兵,11/歩兵,63/41375
弓兵,19/弓兵,37/魔術師,29/歩兵,55/弓兵,19/ジークフリート,1/騎兵,10/17605
ジークフリート,2/弓兵,26/歩兵,48/指揮官,6/ジークフリート,2/歩兵,39/歩兵,40/20710
指揮官,9/歩兵,48/ジークフリート,2/指揮官,7/指揮官,11/歩兵,62/魔術師,31/31677
歩兵,53/歩兵,53/指揮官,6/魔術師,14/騎兵,6/指揮官,10/魔術師,37/36769
歩兵,58/ジークフリート,1/ジークフリート,1/魔術師,33/歩兵,59/弓兵,20/騎兵,7/36210
魔術師,33/騎兵,7/指揮官,6/弓兵,22/魔術師,33/弓兵,33/ジークフリート,2/22833
歩兵,41/ジークフリート,2/歩兵,40/騎兵,11/魔術師,32/弓兵,18/歩兵,50/52980
ジークフリート,2/魔術師,22/弓兵,28/ジークフリート,2/歩兵,58/騎兵,6/指揮官,6/16738
指揮官,9/歩兵,57/歩兵,39/魔術師,28/指揮官,9/騎兵,6/ジークフリート,1/24260
ジークフリート,2/弓兵,37/騎兵,9/弓兵,16/ジークフリート,2/歩兵,40/ジークフリート,1/13445
指揮官,7/魔術師,27/弓兵,22/歩兵,63/指揮官,7/弓兵,23/指揮官,11/13061
ジークフリート,2/ジークフリート,2/魔術師,36/ジークフリート,2/指揮官,10/魔術師,31/騎兵,7/84538
魔術師,13/魔術師,29/騎兵,11/騎兵,6/魔術師,15/歩兵,40/弓兵,13/21541
魔術師,24/弓兵,27/騎兵,7/魔術師,36/騎兵,11/弓兵,20/騎兵,11/19974
魔術師,24/騎兵,10/ジークフリート,1/ジークフリート,1/指揮官,7/指揮官,7/騎兵,10/20340
魔術師,29/指揮官,11/指揮官,7/騎兵,11/ジークフリート,1/魔術師,37/ジークフリート,2/30342
魔術師,14/魔術師,35/弓兵,32/弓兵,33/弓兵,20/騎兵,11/魔術師,35/20607
魔術師,27/騎兵,9/指揮官,11/指揮官,11/指揮官,11/弓兵,19/弓兵,33/28874
弓兵,14/魔術師,32/魔術師,19/指揮官,11/歩兵,45/ジークフリート,2/弓兵,27/24389
歩兵,50/ジークフリート,1/歩兵,49/魔術師,27/弓兵,14/弓兵,29/弓兵,32/46824
魔術師,20/ジークフリート,2/ジークフリート,2/魔術師,13/弓兵,29/騎兵,7/歩兵,54/42942
騎兵,7/魔術師,33/弓兵,29/騎兵,7/指揮官,9/魔術師,28/ジークフリート,2/21319
弓兵,37/指揮官,10/魔術師,24/ジークフリート,2/魔術師,23/歩兵,42/ジークフリート,2/18523
ジークフリート,1/歩兵,62/魔術師,33/ジークフリート,2/魔術師,13/騎兵,9/騎兵,10/28668
ジークフリート,2/魔術師,29/魔術師,13/ジークフリート,2/ジークフリート,2/指揮官,6/弓兵,32/36880
魔術師,19/指揮官,9/魔術師,26/歩兵,63/ジークフリート,2/魔術師,35/ジークフリート,2/28325
魔術師,26/指揮官,7/ジークフリート,1/歩兵,42/歩兵,54/ジークフリート,1/ジークフリート,2/33583
ジークフリート,2/指揮官,11/指揮官,10/弓兵,14/弓兵,14/騎兵,6/指揮官,10/9377
魔術師,35/弓兵,31/弓兵,31/騎兵,6/騎兵,10/騎兵,11/弓兵,20/24624
騎兵,11/騎兵,7/指揮官,6/指揮官,9/指揮官,9/指揮官,6/指揮官,11/3355
弓兵,36/弓兵,29/騎兵,10/魔術師,29/ジークフリート,1/指揮官,10/魔術師,31/16663
魔術師,15/弓兵,14/歩兵,49/弓兵,29/指揮官,10/魔術師,36/魔術師,28/49484
ジークフリート,2/騎兵,11/騎兵,9/歩兵,53/歩兵,55/騎兵,9/ジークフリート,1/21229
指揮官,7/騎兵,9/ジークフリート,1/弓兵,15/ジークフリート,1/魔術師,33/ジークフリート,1/25954
歩兵,57/指揮官,7/歩兵,49/弓兵,16/魔術師,33/騎兵,9/指揮官,11/29299
騎兵,9/ジークフリート,1/弓兵,19/騎兵,6/弓兵,29/弓兵,18/騎兵,9/11879
ジークフリート,1/魔術師,32/騎兵,11/指揮官,11/ジークフリート,1/歩兵,62/ジークフリート,2/27185
ジークフリート,2/騎兵,11/騎兵,7/歩兵,42/弓兵,20/騎兵,7/ジークフリート,1/20651
弓兵,27/騎兵,6/指揮官,7/ジークフリート,2/弓兵,16/魔術師,23/ジークフリート,1/16744
弓兵,37/ジークフリート,2/歩兵,63/魔術師,37/騎兵,10/騎兵,7/騎兵,10/26614
魔術師,13/弓兵,14/弓兵,19/騎兵,11/魔術師,16/ジークフリート,1/歩兵,44/21993
指揮官,7/歩兵,52/ジークフリート,1/歩兵,44/ジークフリート,1/歩兵,46/ジークフリート,2/24188
弓兵,19/指揮官,6/歩兵,46/歩兵,50/魔術師,29/魔術師,19/指揮官,9/18573
弓兵,31/指揮官,9/歩兵,61/歩兵,53/弓兵,37/騎兵,6/ジークフリート,2/39764
騎兵,11/指揮官,10/騎兵,9/弓兵,20/弓兵,18/歩兵,63/騎兵,11/19129
指揮官,7/騎兵,10/弓兵,20/ジークフリート,2/弓兵,20/指揮官,10/歩兵,45/12679
歩兵,40/騎兵,10/ジークフリート,2/歩兵,53/弓兵,15/魔術師,33/指揮官,10/28493
歩兵,55/ジークフリート,1/弓兵,27/魔術師,13/魔術師,16/ジークフリート,2/指揮官,7/19739
騎兵,6/ジークフリート,1/騎兵,9/魔術師,18/騎兵,7/魔術師,16/歩兵,39/17764
歩兵,46/ジークフリート,1/弓兵,35/歩兵,58/ジークフリート,1/指揮官,10/魔術師,33/23894
指揮官,11/歩兵,55/ジークフリート,2/歩兵,49/魔術師,15/歩兵,48/歩兵,44/41466
魔術師,23/指揮官,6/弓兵,36/弓兵,35/指揮官,7/騎兵,6/魔術師,16/13838
ジークフリート,2/ジークフリート,2/弓兵,22/騎兵,9/魔術師,13/弓兵,16/弓兵,29/22585
魔術師,26/騎兵,10/魔術師,35/指揮官,6/指揮官,9/ジークフリート,1/騎兵,6/23394
弓兵,28/弓兵,37/指揮官,10/指揮官,10/騎兵,9/魔術師,18/歩兵,59/32291
ジークフリート,2/弓兵,36/歩兵,59/騎兵,6/歩兵,49/弓兵,18/ジークフリート,1/29405
弓兵,20/指揮官,9/ジークフリート,2/魔術師,24/騎兵,11/ジークフリート,1/指揮官,7/14555
魔術師,23/歩兵,63/歩兵,54/魔術師,20/魔術師,16/歩兵,55/指揮官,7/37240
魔術師,15/弓兵,13/ジークフリート,2/ジークフリート,2/ジークフリート,2/騎兵,9/指揮官,7/12302
ジークフリート,2/弓兵,31/弓兵,33/指揮官,10/魔術師,14/魔術師,16/指揮官,7/23923
ジークフリート,1/騎兵,11/魔術師,31/弓兵,29/歩兵,59/弓兵,13/魔術師,18/23650
騎兵,10/弓兵,19/ジークフリート,1/弓兵,16/魔術師,20/ジークフリート,2/ジークフリート,2/32533
ジークフリート,1/魔術師,35/騎兵,10/指揮官,10/弓兵,33/弓兵,23/歩兵,46/12934
弓兵,29/騎兵,6/歩兵,59/歩兵,42/魔術師,28/歩兵,62/魔術師,14/49137
弓兵,24/ジークフリート,2/騎兵,10/魔術師,29/騎兵,9/魔術師,27/歩兵,46/27394
歩兵,53/弓兵,22/騎兵,10/弓兵,33/指揮官,7/魔術師,18/指揮官,7/17262
指揮官,11/ジークフリート,2/ジークフリート,2/弓兵,15/歩兵,46/歩兵,61/騎兵,10/15474
歩兵,41/弓兵,15/騎兵,7/騎兵,11/指揮官,11/ジークフリート,1/弓兵,36/13616
ジークフリート,1/騎兵,9/騎兵,6/魔術師,18/指揮官,6/魔術師,31/魔術師,33/14999
ジークフリート,2/騎兵,9/騎兵,7/ジークフリート,1/魔術師,35/指揮官,7/魔術師,33/34306
騎兵,9/歩兵,57/歩兵,49/騎兵,7/弓兵,33/弓兵,31/歩兵,49/36916
歩兵,52/指揮官,6/弓兵,37/魔術師,14/魔術師,32/魔術師,35/歩兵,41/48659
ジークフリート,1/弓兵,22/魔術師,15/歩兵,53/弓兵,18/ジークフリート,2/魔術師,36/32738
ジークフリート,2/ジークフリート,2/騎兵,9/騎兵,7/歩兵,63/指揮官,9/弓兵,18/10147
騎兵,9/歩兵,46/弓兵,27/歩兵,41/ジークフリート,1/指揮官,9/魔術師,14/22704
ジークフリート,1/弓兵,19/魔術師,36/騎兵,9/ジークフリート,2/魔術師,35/騎兵,9/38104
魔術師,28/騎兵,7/ジークフリート,2/騎兵,6/騎兵,7/ジークフリート,2/騎兵,6/18593
歩兵,57/歩兵,54/騎兵,6/弓兵,13/弓兵,32/弓兵,36/指揮官,11/44061
魔術師,26/魔術師,19/歩兵,40/魔術師,28/歩兵,45/騎兵,9/指揮官,9/47749
弓兵,28/騎兵,11/歩兵,46/ジークフリート,2/騎兵,11/歩兵,41/弓兵,20/42172
歩兵,49/歩兵,49/ジークフリート,1/ジークフリート,1/弓兵,15/魔術師,29/魔術師,22/51212
騎兵,10/指揮官,7/歩兵,55/指揮官,6/騎兵,6/魔術師,13/魔術師,27/20395
ジークフリート,2/歩兵,54/騎兵,11/弓兵,37/歩兵,44/魔術師,28/魔術師,31/45920
魔術師,36/ジークフリート,1/ジークフリート,2/ジークフリート,1/騎兵,7/歩兵,62/指揮官,10/27026
魔術師,15/歩兵,46/魔術師,27/弓兵,20/歩兵,48/歩兵,46/ジークフリート,2/53996
ジークフリート,2/弓兵,27/ジークフリート,1/歩兵,44/指揮官,7/弓兵,29/ジークフリート,2/17978
指揮官,7/魔術師,33/ジークフリート,2/指揮官,7/魔術師,24/指揮官,6/騎兵,10/23942
ジークフリート,1/指揮官,10/歩兵,50/ジークフリート,2/ジークフリート,2/騎兵,7/魔術師,33/37783
魔術師,24/弓兵,13/騎兵,6/騎兵,7/歩兵,53/弓兵,15/ジークフリート,2/20099
指揮官,10/騎兵,11/指揮官,9/指揮官,9/ジークフリート,1/ジークフリート,1/弓兵,23/5145
弓兵,35/ジークフリート,1/弓兵,27/ジークフリート,1/騎兵,9/ジークフリート,1/魔術師,27/17516
歩兵,50/歩兵,46/歩兵,49/魔術師,33/騎兵,11/歩兵,48/ジークフリート,1/58712
魔術師,18/弓兵,13/騎兵,10/ジークフリート,1/騎兵,10/弓兵,13/魔術師,29/18136
歩兵,46/指揮官,10/魔術師,14/歩兵,62/歩兵,42/魔術師,20/騎兵,7/42158
歩兵,59/魔術師,37/騎兵,7/歩兵,42/指揮官,7/ジークフリート,1/魔術師,33/31686
ジークフリート,2/騎兵,10/指揮官,10/ジークフリート,1/魔術師,35/歩兵,45/魔術師,37/37478
指揮官,7/歩兵,61/弓兵,15/魔術師,22/指揮官,11/騎兵,9/騎兵,10/29810
魔術師,33/魔術師,16/魔術師,36/指揮官,10/魔術師,26/騎兵,6/弓兵,36/17100
弓兵,19/弓兵,29/弓兵,27/魔術師,15/ジークフリート,2/騎兵,11/指揮官,10/15796
歩兵,46/弓兵,26/弓兵,37/弓兵,23/歩兵,53/弓兵,35/弓兵,31/58581
歩兵,55/魔術師,13/魔術師,33/魔術師,19/魔術師,32/ジークフリート,1/弓兵,19/36878
指揮官,11/ジークフリート,2/歩兵,39/弓兵,28/魔術師,35/ジークフリート,2/歩兵,63/21277
ジークフリート,1/歩兵,41/歩兵,49/魔術師,32/ジークフリート,2/ジークフリート,2/ジークフリート,2/43124
歩兵,54/騎兵,7/魔術師,33/魔術師,28/指揮官,11/弓兵,35/ジークフリート,1/37259
指揮官,7/騎兵,11/指揮官,6/魔術師,29/歩兵,58/騎兵,7/魔術師,32/37848
ジークフリート,2/騎兵,10/魔術師,36/ジークフリート,2/指揮官,6/指揮官,7/魔術師,15/14761
歩兵,53/指揮官,10/指揮官,7/ジークフリート,2/歩兵,59/歩兵,39/弓兵,18/40573
騎兵,7/弓兵,29/ジークフリート,2/歩兵,61/弓兵,33/指揮官,10/指揮官,7/15402
騎兵,6/指揮官,10/ジークフリート,2/魔術師,26/指揮官,11/魔術師,36/ジークフリート,2/26390
弓兵,31/指揮官,7/弓兵,36/弓兵,24/指揮官,11/ジークフリート,1/ジークフリート,1/15954
弓兵,18/魔術師,16/指揮官,11/指揮官,6/指揮官,11/歩兵,45/弓兵,31/11776
歩兵,53/歩兵,61/騎兵,7/指揮官,9/騎兵,7/ジークフリート,2/ジークフリート,2/22765
魔術師,13/魔術師,37/魔術師,35/弓兵,37/弓兵,24/ジークフリート,2/弓兵,20/26681
騎兵,7/弓兵,35/指揮官,7/歩兵,45/ジークフリート,2/歩兵,45/ジークフリート,2/19658
指揮官,7/指揮官,9/指揮官,9/騎兵,7/歩兵,57/魔術師,20/ジークフリート,2/28053
指揮官,9/歩兵,41/歩兵,40/魔術師,24/魔術師,23/弓兵,36/ジークフリート,2/43021
弓兵,35/指揮官,9/歩兵,63/指揮官,10/ジークフリート,2/指揮官,9/指揮官,10/39378
騎兵,7/弓兵,33/魔術師,28/弓兵,18/指揮官,10/歩兵,49/歩兵,61/25939
指揮官,7/指揮官,9/魔術師,24/歩兵,48/歩兵,44/ジークフリート,1/歩兵,49/27368
弓兵,15/騎兵,11/指揮官,11/歩兵,63/騎兵,9/指揮官,9/歩兵,59/51735
魔術師,32/ジークフリート,1/歩兵,55/歩兵,49/ジークフリート,1/魔術師,20/弓兵,32/48465
騎兵,10/歩兵,55/ジークフリート,2/魔術師,27/歩兵,49/歩兵,41/騎兵,9/38860
ジークフリート,2/指揮官,7/騎兵,6/指揮官,7/弓兵,18/弓兵,19/ジークフリート,2/8611
歩兵,52/弓兵,20/騎兵,7/魔術師,20/騎兵,9/魔術師,32/ジークフリート,1/29397
指揮官,9/弓兵,13/騎兵,9/弓兵,20/魔術師,18/ジークフリート,2/騎兵,6/12409
ジークフリート,2/騎兵,7/弓兵,32/指揮官,11/ジークフリート,2/騎兵,7/歩兵,58/31531
魔術師,15/歩兵,50/ジークフリート,1/歩兵,58/ジークフリート,1/騎兵,10/弓兵,18/17806
歩兵,57/歩兵,40/ジークフリート,2/騎兵,10/魔術師,37/歩兵,48/魔術師,18/39339
指揮官,6/指揮官,6/指揮官,10/弓兵,16/騎兵,6/ジークフリート,2/ジークフリート,2/4532
弓兵,19/指揮官,6/ジークフリート,2/魔術師,22/ジークフリート,1/弓兵,35/指揮官,11/19652
魔術師,19/騎兵,10/ジークフリート,1/歩兵,52/弓兵,20/ジークフリート,2/ジークフリート,1/32004
魔術師,28/歩兵,41/ジークフリート,2/指揮官,7/魔術師,23/騎兵,6/指揮官,9/21106
魔術師,14/指揮官,7/指揮官,10/騎兵,9/魔術師,16/弓兵,15/指揮官,6/6900
魔術師,13/騎兵,11/ジークフリート,1/指揮官,9/歩兵,57/指揮官,10/弓兵,35/35931
魔術師,27/弓兵,32/指揮官,9/騎兵,10/指揮官,9/指揮官,11/歩兵,54/21255
指揮官,11/弓兵,15/魔術師,33/ジークフリート,2/騎兵,7/弓兵,31/騎兵,7/19855
歩兵,42/弓兵,32/指揮官,10/指揮官,10/指揮官,6/歩兵,59/弓兵,24/27763
歩兵,61/騎兵,6/ジークフリート,2/歩兵,52/ジークフリート,1/魔術師,15/騎兵,6/33541
魔術師,26/魔術師,37/歩兵,53/弓兵,20/ジークフリート,1/ジークフリート,2/歩兵,40/29331
指揮官,6/弓兵,15/指揮官,10/指揮官,10/騎兵,10/指揮官,6/歩兵,41/8776
ジークフリート,1/弓兵,28/歩兵,57/ジークフリート,1/弓兵,15/騎兵,10/ジークフリート,1/19269
騎兵,7/指揮官,11/魔術師,35/弓兵,15/指揮官,11/騎兵,10/騎兵,9/18461
騎兵,7/歩兵,44/ジークフリート,1/騎兵,9/弓兵,31/ジークフリート,2/ジークフリート,1/13066
弓兵,29/ジークフリート,2/魔術師,26/指揮官,11/歩兵,50/弓兵,24/弓兵,37/36828
指揮官,7/弓兵,37/歩兵,54/指揮官,9/指揮官,9/指揮官,10/指揮官,7/15097
魔術師,28/ジークフリート,1/魔術師,32/ジークフリート,2/弓兵,31/弓兵,27/魔術師,23/35879
弓兵,20/騎兵,9/魔術師,18/歩兵,62/ジークフリート,1/歩兵,52/歩兵,61/40014
騎兵,6/騎兵,10/騎兵,9/騎兵,7/歩兵,49/指揮官,7/指揮官,9/11632
騎兵,11/指揮官,7/指揮官,11/弓兵,18/ジークフリート,1/ジークフリート,1/歩兵,41/10387
指揮官,11/指揮官,7/歩兵,46/魔術師,36/指揮官,6/指揮官,6/歩兵,44/40591
魔術師,33/ジークフリート,1/歩兵,49/騎兵,7/指揮官,11/魔術師,26/歩兵,39/24954
魔術師,20/魔術師,32/弓兵,31/歩兵,58/ジークフリート,2/騎兵,7/歩兵,52/38717
騎兵,6/指揮官,11/弓兵,35/指揮官,9/騎兵,6/弓兵,35/魔術師,14/10804
騎兵,6/弓兵,16/歩兵,54/ジークフリート,2/ジークフリート,2/歩兵,58/ジークフリート,2/22564
弓兵,32/騎兵,10/騎兵,7/歩兵,59/ジークフリート,2/歩兵,46/指揮官,6/25470
歩兵,52/魔術師,27/ジークフリート,2/騎兵,10/歩兵,59/魔術師,29/弓兵,26/54768
魔術師,31/歩兵,59/ジークフリート,1/指揮官,10/指揮官,6/弓兵,33/歩兵,52/22651
ジークフリート,1/弓兵,13/騎兵,10/弓兵,27/騎兵,11/騎兵,11/指揮官,10/24756
騎兵,6/魔術師,23/指揮官,9/弓兵,26/騎兵,9/騎兵,7/騎兵,7/10106
歩兵,55/弓兵,31/騎兵,6/弓兵,27/弓兵,29/騎兵,6/指揮官,11/20901
ジークフリート,2/歩兵,57/歩兵,58/歩兵,41/歩兵,42/魔術師,23/ジークフリート,2/68233
歩兵,55/魔術師,26/歩兵,46/騎兵,11/ジークフリート,2/ジークフリート,2/指揮官,10/24923
指揮官,11/魔術師,29/指揮官,9/歩兵,58/歩兵,40/ジークフリート,1/ジークフリート,1/18617
指揮官,6/ジークフリート,1/弓兵,26/ジークフリート,1/歩兵,50/指揮官,9/騎兵,6/14348
魔術師,35/指揮官,10/ジークフリート,1/魔術師,19/歩兵,44/ジークフリート,2/ジークフリート,1/14511
指揮官,7/指揮官,10/ジークフリート,1/弓兵,15/指揮官,11/指揮官,9/弓兵,31/4147
弓兵,18/魔術師,24/指揮官,9/魔術師,23/指揮官,10/指揮官,10/歩兵,45/13473
騎兵,10/弓兵,37/歩兵,54/弓兵,35/ジークフリート,1/魔術師,19/魔術師,35/48798
騎兵,9/騎兵,7/ジークフリート,2/歩兵,52/指揮官,10/弓兵,15/歩兵,50/45613
指揮官,11/騎兵,6/歩兵,42/弓兵,14/騎兵,6/ジークフリート,2/弓兵,15/10274
ジークフリート,2/歩兵,57/弓兵,15/魔術師,31/弓兵,20/魔術師,35/弓兵,16/23566
弓兵,32/魔術師,14/ジークフリート,1/弓兵,20/騎兵,7/弓兵,22/騎兵,9/16522
騎兵,7/騎兵,10/歩兵,48/騎兵,10/指揮官,7/弓兵,28/指揮官,9/15936
指揮官,7/歩兵,50/魔術師,19/歩兵,58/魔術師,36/弓兵,18/歩兵,62/35686
ジークフリート,1/歩兵,54/ジークフリート,1/弓兵,29/歩兵,40/弓兵,15/騎兵,7/21634
ジークフリート,1/魔術師,15/指揮官,11/騎兵,10/騎兵,7/歩兵,54/弓兵,32/14318
騎兵,7/指揮官,9/騎兵,10/魔術師,33/ジークフリート,1/ジークフリート,2/歩兵,63/22575
ジークフリート,2/歩兵,59/指揮官,9/弓兵,15/騎兵,10/弓兵,20/魔術師,20/16998
ジークフリート,2/騎兵,7/指揮官,7/弓兵,14/騎兵,10/指揮官,7/指揮官,11/6227
ジークフリート,2/ジークフリート,2/ジークフリート,1/騎兵,9/騎兵,7/弓兵,22/騎兵,7/5430
指揮官,11/騎兵,6/魔術師,37/歩兵,42/騎兵,10/ジークフリート,2/魔術師,23/31004
魔術師,33/騎兵,9/ジークフリート,1/歩兵,48/騎兵,9/魔術師,26/魔術師,31/31897
騎兵,7/歩兵,46/魔術師,29/指揮官,10/ジークフリート,2/ジークフリート,2/ジークフリート,1/21334
歩兵,49/ジークフリート,1/騎兵,11/魔術師,24/歩兵,49/騎兵,11/指揮官,9/13541
騎兵,7/弓兵,37/ジークフリート,2/魔術師,20/歩兵,49/騎兵,6/魔術師,37/35261
ジークフリート,1/指揮官,7/魔術師,28/ジークフリート,2/指揮官,10/騎兵,9/弓兵,18/10849
指揮官,9/ジークフリート,1/歩兵,54/弓兵,28/弓兵,16/弓兵,19/指揮官,6/16613
歩兵,39/指揮官,6/歩兵,49/魔術師,19/魔術師,33/ジークフリート,1/歩兵,59/22923
指揮官,10/ジークフリート,1/弓兵,15/ジークフリート,2/魔術師,14/騎兵,6/騎兵,11/12723
指揮官,7/歩兵,55/歩兵,42/歩兵,46/弓兵,33/弓兵,28/弓兵,13/42010
魔術師,13/ジークフリート,1/魔術師,18/ジークフリート,2/ジークフリート,2/歩兵,55/弓兵,14/27879
ジークフリート,2/弓兵,15/騎兵,11/指揮官,6/歩兵,53/指揮官,9/魔術師,29/23724
指揮官,10/弓兵,26/弓兵,26/指揮官,7/歩兵,45/歩兵,48/ジークフリート,1/22677
魔術師,19/ジークフリート,2/騎兵,7/ジークフリート,1/ジークフリート,1/魔術師,19/歩兵,42/10861
指揮官,7/歩兵,46/魔術師,16/騎兵,6/騎兵,7/歩兵,54/弓兵,33/28381
弓兵,37/魔術師,20/弓兵,15/歩兵,61/騎兵,9/歩兵,42/歩兵,41/30621
弓兵,13/歩兵,55/魔術師,20/ジークフリート,2/弓兵,35/歩兵,61/歩兵,40/69807
騎兵,6/歩兵,61/指揮官,7/歩兵,49/指揮官,6/ジークフリート,1/ジークフリート,1/18018
騎兵,6/騎兵,7/騎兵,9/弓兵,33/歩兵,49/ジークフリート,2/歩兵,52/21470
弓兵,33/ジークフリート,1/騎兵,10/歩兵,63/歩兵,62/弓兵,31/弓兵,36/46936
歩兵,49/魔術師,13/弓兵,20/歩兵,59/弓兵,18/弓兵,26/ジークフリート,1/35968
騎兵,7/指揮官,11/歩兵,39/弓兵,16/魔術師,28/歩兵,39/騎兵,10/16079
魔術師,24/ジークフリート,1/魔術師,31/騎兵,6/ジークフリート,2/騎兵,7/騎兵,9/11868
騎兵,6/歩兵,39/歩兵,62/歩兵,55/騎兵,11/歩兵,40/魔術師,20/44301
指揮官,7/ジークフリート,1/騎兵,9/歩兵,62/指揮官,9/魔術師,28/騎兵,10/33513
魔術師,14/ジークフリート,1/弓兵,29/魔術師,36/歩兵,42/魔術師,20/騎兵,9/53765
ジークフリート,1/弓兵,24/騎兵,6/弓兵,28/指揮官,7/弓兵,24/騎兵,7/9466
弓兵,28/ジークフリート,1/騎兵,9/弓兵,29/弓兵,32/弓兵,24/ジークフリート,1/20876
歩兵,42/弓兵,29/指揮官,10/指揮官,11/騎兵,9/歩兵,48/騎兵,11/31390
魔術師,27/歩兵,61/魔術師,13/指揮官,10/歩兵,45/魔術師,24/騎兵,11/29684
歩兵,40/騎兵,10/騎兵,7/弓兵,23/弓兵,16/弓兵,29/騎兵,11/15369